<?xml version="1.0" encoding="UTF-8"?>
<!-- Generated by org.testng.reporters.JUnitXMLReporter -->
<testsuite ignored="10" hostname="doer-ThinkPad-T450" failures="1" tests="6" name="Employee" time="72.568" errors="0" timestamp="2023-07-22T10:11:27 BDT">
  <testcase classname="employeePackage.employee01_employeeListPage" name="employee" time="6.204"/>
  <testcase classname="employeePackage.employee02_createEmployee" name="employee" time="22.893">
    <failure type="org.openqa.selenium.ElementClickInterceptedException" message="element click intercepted: Element &amp;lt;span class=&amp;quot;ng-option-label ng-star-inserted&amp;quot;&amp;gt;...&amp;lt;/span&amp;gt; is not clickable at point (827, 237). Other element would receive the click: &amp;lt;div role=&amp;quot;tab&amp;quot; mattablabelwrapper=&amp;quot;&amp;quot; mat-ripple=&amp;quot;&amp;quot; cdkmonitorelementfocus=&amp;quot;&amp;quot; class=&amp;quot;mat-ripple mat-tab-label mat-focus-indicator mat-tab-disabled ng-star-inserted&amp;quot; id=&amp;quot;mat-tab-label-1-2&amp;quot; aria-posinset=&amp;quot;3&amp;quot; aria-setsize=&amp;quot;5&amp;quot; aria-controls=&amp;quot;mat-tab-content-1-2&amp;quot; aria-selected=&amp;quot;false&amp;quot; aria-disabled=&amp;quot;true&amp;quot;&amp;gt;...&amp;lt;/div&amp;gt;
  (Session info: chrome=112.0.5615.165)
Build info: version: &amp;apos;4.9.0&amp;apos;, revision: &amp;apos;d7057100a6&amp;apos;
System info: os.name: &amp;apos;Linux&amp;apos;, os.arch: &amp;apos;amd64&amp;apos;, os.version: &amp;apos;5.19.0-46-generic&amp;apos;, java.version: &amp;apos;17.0.5&amp;apos;
Driver info: org.openqa.selenium.chrome.ChromeDriver
Command: [586d79c516a377e46d7934bbab050565, clickElement {id=7669e411-1909-4a75-b169-f2d375eddc9f}]
Capabilities {acceptInsecureCerts: false, browserName: chrome, browserVersion: 112.0.5615.165, chrome: {chromedriverVersion: 112.0.5615.49 (bd2a7bcb881c..., userDataDir: /tmp/.com.google.Chrome.6HMhwm}, goog:chromeOptions: {debuggerAddress: localhost:44251}, networkConnectionEnabled: false, pageLoadStrategy: normal, platformName: LINUX, proxy: Proxy(), se:cdp: ws://localhost:44251/devtoo..., se:cdpVersion: 112.0.5615.165, setWindowRect: true, strictFileInteractability: false, timeouts: {implicit: 0, pageLoad: 300000, script: 30000}, unhandledPromptBehavior: dismiss and notify, webauthn:extension:credBlob: true, webauthn:extension:largeBlob: true, webauthn:extension:minPinLength: true, webauthn:extension:prf: true, webauthn:virtualAuthenticators: true}
Element: [[ChromeDriver: chrome on LINUX (586d79c516a377e46d7934bbab050565)] -&amp;gt; xpath: //span[contains(text(),&amp;apos;A+&amp;apos;)]]
Session ID: 586d79c516a377e46d7934bbab050565">
      <![CDATA[org.openqa.selenium.ElementClickInterceptedException: element click intercepted: Element <span class="ng-option-label ng-star-inserted">...</span> is not clickable at point (827, 237). Other element would receive the click: <div role="tab" mattablabelwrapper="" mat-ripple="" cdkmonitorelementfocus="" class="mat-ripple mat-tab-label mat-focus-indicator mat-tab-disabled ng-star-inserted" id="mat-tab-label-1-2" aria-posinset="3" aria-setsize="5" aria-controls="mat-tab-content-1-2" aria-selected="false" aria-disabled="true">...</div>
  (Session info: chrome=112.0.5615.165)
Build info: version: '4.9.0', revision: 'd7057100a6'
System info: os.name: 'Linux', os.arch: 'amd64', os.version: '5.19.0-46-generic', java.version: '17.0.5'
Driver info: org.openqa.selenium.chrome.ChromeDriver
Command: [586d79c516a377e46d7934bbab050565, clickElement {id=7669e411-1909-4a75-b169-f2d375eddc9f}]
Capabilities {acceptInsecureCerts: false, browserName: chrome, browserVersion: 112.0.5615.165, chrome: {chromedriverVersion: 112.0.5615.49 (bd2a7bcb881c..., userDataDir: /tmp/.com.google.Chrome.6HMhwm}, goog:chromeOptions: {debuggerAddress: localhost:44251}, networkConnectionEnabled: false, pageLoadStrategy: normal, platformName: LINUX, proxy: Proxy(), se:cdp: ws://localhost:44251/devtoo..., se:cdpVersion: 112.0.5615.165, setWindowRect: true, strictFileInteractability: false, timeouts: {implicit: 0, pageLoad: 300000, script: 30000}, unhandledPromptBehavior: dismiss and notify, webauthn:extension:credBlob: true, webauthn:extension:largeBlob: true, webauthn:extension:minPinLength: true, webauthn:extension:prf: true, webauthn:virtualAuthenticators: true}
Element: [[ChromeDriver: chrome on LINUX (586d79c516a377e46d7934bbab050565)] -> xpath: //span[contains(text(),'A+')]]
Session ID: 586d79c516a377e46d7934bbab050565
at org.openqa.selenium.remote.codec.w3c.W3CHttpResponseCodec.createException(W3CHttpResponseCodec.java:200)
at org.openqa.selenium.remote.codec.w3c.W3CHttpResponseCodec.decode(W3CHttpResponseCodec.java:133)
at org.openqa.selenium.remote.codec.w3c.W3CHttpResponseCodec.decode(W3CHttpResponseCodec.java:53)
at org.openqa.selenium.remote.HttpCommandExecutor.execute(HttpCommandExecutor.java:193)
at org.openqa.selenium.remote.service.DriverCommandExecutor.invokeExecute(DriverCommandExecutor.java:183)
at org.openqa.selenium.remote.service.DriverCommandExecutor.execute(DriverCommandExecutor.java:158)
at org.openqa.selenium.remote.RemoteWebDriver.execute(RemoteWebDriver.java:543)
at org.openqa.selenium.remote.RemoteWebElement.execute(RemoteWebElement.java:257)
at org.openqa.selenium.remote.RemoteWebElement.click(RemoteWebElement.java:78)
at employeePackage.employee02_createEmployee.employee(employee02_createEmployee.java:30)
at java.base/java.util.ArrayList.forEach(ArrayList.java:1511)
... Removed 32 stack frames]]>
    </failure>
  </testcase> <!-- employee -->
  <testcase classname="employeePackage.employee03_employeeApprove" name="employee" time="27.942"/>
  <testcase classname="employeePackage.employee04_employeeByStatus" name="employee" time="6.129"/>
  <testcase classname="employeePackage.employee05_employeeView" name="employee" time="6.227"/>
  <testcase classname="employeePackage.employee06_employeeNameSearch" name="employee" time="3.162"/>
  <testcase classname="driverPackage.baseDriver" name="@AfterSuite tearDown" time="0.0">
    <ignored/>
  </testcase> <!-- @AfterSuite tearDown -->
  <testcase classname="driverPackage.baseDriver" name="@BeforeSuite setup" time="0.0">
    <ignored/>
  </testcase> <!-- @BeforeSuite setup -->
  <testcase classname="driverPackage.baseDriver" name="@BeforeSuite setup" time="0.0">
    <ignored/>
  </testcase> <!-- @BeforeSuite setup -->
  <testcase classname="driverPackage.baseDriver" name="@BeforeSuite setup" time="0.0">
    <ignored/>
  </testcase> <!-- @BeforeSuite setup -->
  <testcase classname="driverPackage.baseDriver" name="@AfterSuite tearDown" time="0.0">
    <ignored/>
  </testcase> <!-- @AfterSuite tearDown -->
  <testcase classname="driverPackage.baseDriver" name="@AfterSuite tearDown" time="0.0">
    <ignored/>
  </testcase> <!-- @AfterSuite tearDown -->
  <testcase classname="driverPackage.baseDriver" name="@AfterSuite tearDown" time="0.0">
    <ignored/>
  </testcase> <!-- @AfterSuite tearDown -->
  <testcase classname="driverPackage.baseDriver" name="@BeforeSuite setup" time="0.0">
    <ignored/>
  </testcase> <!-- @BeforeSuite setup -->
  <testcase classname="driverPackage.baseDriver" name="@BeforeSuite setup" time="0.0">
    <ignored/>
  </testcase> <!-- @BeforeSuite setup -->
  <testcase classname="driverPackage.baseDriver" name="@AfterSuite tearDown" time="0.0">
    <ignored/>
  </testcase> <!-- @AfterSuite tearDown -->
</testsuite> <!-- Employee -->
