<!DOCTYPE html PUBLIC "-//W3C//DTD XHTML 1.1//EN" "https://www.w3.org/TR/xhtml11/DTD/xhtml11.dtd">
<html xmlns="https://www.w3.org/1999/xhtml">
<head>
<meta http-equiv="content-type" content="text/html; charset=UTF-8"/>
<title>TestNG Report</title>
<style type="text/css">table {margin-bottom:10px;border-collapse:collapse;empty-cells:show}th,td {border:1px solid #009;padding:.25em .5em}th {vertical-align:bottom}td {vertical-align:top}table a {font-weight:bold}.stripe td {background-color: #E6EBF9}.num {text-align:right}.passedodd td {background-color: #3F3}.passedeven td {background-color: #0A0}.skippedodd td {background-color: #DDD}.skippedeven td {background-color: #CCC}.failedodd td,.attn {background-color: #F33}.failedeven td,.stripe .attn {background-color: #D00}.stacktrace {white-space:pre;font-family:monospace}.totop {font-size:85%;text-align:center;border-bottom:2px solid #000}.invisible {display:none}</style>
</head>
<body>
<table>
<tr><th>Test</th><th># Passed</th><th># Skipped</th><th># Retried</th><th># Failed</th><th>Time (ms)</th><th>Included Groups</th><th>Excluded Groups</th></tr>
<tr><th colspan="8">MRA</th></tr>
<tr><td><a href="#t0">Branch</a></td><td class="num">8</td><td class="num">0</td><td class="num">0</td><td class="num attn">1</td><td class="num">107,760</td><td></td><td></td></tr>
<tr class="stripe"><td><a href="#t1">Samity</a></td><td class="num">5</td><td class="num">0</td><td class="num">0</td><td class="num attn">4</td><td class="num">93,395</td><td></td><td></td></tr>
<tr><td><a href="#t2">Member</a></td><td class="num">5</td><td class="num">0</td><td class="num">0</td><td class="num attn">3</td><td class="num">43,368</td><td></td><td></td></tr>
<tr><th>Total</th><th class="num">18</th><th class="num">0</th><th class="num">0</th><th class="num attn">8</th><th class="num">244,523</th><th colspan="2"></th></tr>
</table>
<table id='summary'><thead><tr><th>Class</th><th>Method</th><th>Start</th><th>Time (ms)</th></tr></thead><tbody><tr><th colspan="4">MRA</th></tr></tbody><tbody id="t0"><tr><th colspan="4">Branch &#8212; failed</th></tr><tr class="failedeven"><td rowspan="1">Branch.branch_09_view_branch</td><td><a href="#m0">branch</a></td><td rowspan="1">1684755009812</td><td rowspan="1">58</td></tr><tr><th colspan="4">Branch &#8212; passed</th></tr><tr class="passedeven"><td rowspan="1">Branch.branch_01_branch_language_change_</td><td><a href="#m1">branch</a></td><td rowspan="1">1684754902148</td><td rowspan="1">26498</td></tr><tr class="passedodd"><td rowspan="1">Branch.branch_02_branch_list_page_</td><td><a href="#m2">branch</a></td><td rowspan="1">1684754928659</td><td rowspan="1">9199</td></tr><tr class="passedeven"><td rowspan="1">Branch.branch_03_select_status</td><td><a href="#m3">branch</a></td><td rowspan="1">1684754937862</td><td rowspan="1">5168</td></tr><tr class="passedodd"><td rowspan="1">Branch.branch_04_select_branch_type</td><td><a href="#m4">branch</a></td><td rowspan="1">1684754943044</td><td rowspan="1">4190</td></tr><tr class="passedeven"><td rowspan="1">Branch.branch_05_create_branch_correct</td><td><a href="#m5">branch</a></td><td rowspan="1">1684754947237</td><td rowspan="1">40653</td></tr><tr class="passedodd"><td rowspan="1">Branch.branch_06_lock_branch</td><td><a href="#m6">branch</a></td><td rowspan="1">1684754987897</td><td rowspan="1">2112</td></tr><tr class="passedeven"><td rowspan="1">Branch.branch_07_unlock_branch</td><td><a href="#m7">branch</a></td><td rowspan="1">1684754990011</td><td rowspan="1">9172</td></tr><tr class="passedodd"><td rowspan="1">Branch.branch_08_edit_branch</td><td><a href="#m8">branch</a></td><td rowspan="1">1684754999185</td><td rowspan="1">10622</td></tr></tbody>
<tbody id="t1"><tr><th colspan="4">Samity &#8212; failed</th></tr><tr class="failedeven"><td rowspan="1">Samity.Samity_05_Samity_Lock</td><td><a href="#m9">branch</a></td><td rowspan="1">1684755024804</td><td rowspan="1">18</td></tr><tr class="failedodd"><td rowspan="1">Samity.Samity_06_Samity_Unlock</td><td><a href="#m10">branch</a></td><td rowspan="1">1684755024824</td><td rowspan="1">17</td></tr><tr class="failedeven"><td rowspan="1">Samity.Samity_07_Samity_Edit</td><td><a href="#m11">branch</a></td><td rowspan="1">1684755024843</td><td rowspan="1">17</td></tr><tr class="failedodd"><td rowspan="1">Samity.Samity_08_Samity_View</td><td><a href="#m12">branch</a></td><td rowspan="1">1684755024862</td><td rowspan="1">16</td></tr><tr><th colspan="4">Samity &#8212; passed</th></tr><tr class="passedeven"><td rowspan="1">Samity.Samity_01_Samity_List_Page</td><td><a href="#m13">branch</a></td><td rowspan="1">1684755009919</td><td rowspan="1">4210</td></tr><tr class="passedodd"><td rowspan="1">Samity.Samity_02_Samity_Searching_Placeholder</td><td><a href="#m14">branch</a></td><td rowspan="1">1684755014135</td><td rowspan="1">2284</td></tr><tr class="passedeven"><td rowspan="1">Samity.Samity_03_Samity_By_Status</td><td><a href="#m15">branch</a></td><td rowspan="1">1684755016425</td><td rowspan="1">4188</td></tr><tr class="passedodd"><td rowspan="1">Samity.Samity_04_Samity_By_Branch</td><td><a href="#m16">branch</a></td><td rowspan="1">1684755020615</td><td rowspan="1">4184</td></tr><tr class="passedeven"><td rowspan="1">Samity.Samity_09_Create_Samity_Correct</td><td><a href="#m17">branch</a></td><td rowspan="1">1684755024881</td><td rowspan="1">78424</td></tr></tbody>
<tbody id="t2"><tr><th colspan="4">Member &#8212; failed</th></tr><tr class="failedeven"><td rowspan="1">Member.Member_06_Member_Unlock</td><td><a href="#m18">member</a></td><td rowspan="1">1684755143335</td><td rowspan="1">1113</td></tr><tr class="failedodd"><td rowspan="1">Member.Member_07_Member_Edit</td><td><a href="#m19">member</a></td><td rowspan="1">1684755144456</td><td rowspan="1">1108</td></tr><tr class="failedeven"><td rowspan="1">Member.Member_08_Member_View</td><td><a href="#m20">member</a></td><td rowspan="1">1684755145568</td><td rowspan="1">1138</td></tr><tr><th colspan="4">Member &#8212; passed</th></tr><tr class="passedeven"><td rowspan="1">Member.Member_01_Member_List_Page</td><td><a href="#m21">member</a></td><td rowspan="1">1684755103344</td><td rowspan="1">9154</td></tr><tr class="passedodd"><td rowspan="1">Member.Member_02_Member_Searching_Placeholder</td><td><a href="#m22">member</a></td><td rowspan="1">1684755112505</td><td rowspan="1">3163</td></tr><tr class="passedeven"><td rowspan="1">Member.Member_03_Member_By_Status</td><td><a href="#m23">member</a></td><td rowspan="1">1684755115669</td><td rowspan="1">12280</td></tr><tr class="passedodd"><td rowspan="1">Member.Member_04_Member_By_Branch</td><td><a href="#m24">member</a></td><td rowspan="1">1684755127954</td><td rowspan="1">9272</td></tr><tr class="passedeven"><td rowspan="1">Member.Member_05_Member_Lock</td><td><a href="#m25">member</a></td><td rowspan="1">1684755137228</td><td rowspan="1">6104</td></tr></tbody>
</table>
<h2>Branch</h2><h3 id="m0">Branch.branch_09_view_branch#branch</h3><table class="result"><tr><th>Exception</th></tr><tr><td><div class="stacktrace">org.openqa.selenium.NoSuchElementException: no such element: Unable to locate element: {&quot;method&quot;:&quot;xpath&quot;,&quot;selector&quot;:&quot;//body/app-root[1]/app-main-shell[1]/app-navbar[1]/mat-sidenav-container[1]/mat-sidenav-content[1]/div[1]/app-mfi-app[1]/div[1]/app-mfi-branch[1]/app-mfi-branch-list[1]/div[2]/div[1]/app-data-table-workflow[1]/div[1]/div[3]/mat-table[1]/mat-row[4]/mat-cell[7]/button[3]/span[1]/img[1]&quot;}
  (Session info: chrome=113.0.5672.127)
For documentation on this error, please visit: https://selenium.dev/exceptions/#no_such_element
Build info: version: &apos;4.8.3&apos;, revision: &apos;e5e76298c3&apos;
System info: os.name: &apos;Windows 10&apos;, os.arch: &apos;amd64&apos;, os.version: &apos;10.0&apos;, java.version: &apos;19.0.1&apos;
Driver info: org.openqa.selenium.chrome.ChromeDriver
Command: [c266842a6348d4a5979814356cce63bc, findElement {using=xpath, value=//body/app-root[1]/app-main-shell[1]/app-navbar[1]/mat-sidenav-container[1]/mat-sidenav-content[1]/div[1]/app-mfi-app[1]/div[1]/app-mfi-branch[1]/app-mfi-branch-list[1]/div[2]/div[1]/app-data-table-workflow[1]/div[1]/div[3]/mat-table[1]/mat-row[4]/mat-cell[7]/button[3]/span[1]/img[1]}]
Capabilities {acceptInsecureCerts: false, browserName: chrome, browserVersion: 113.0.5672.127, chrome: {chromedriverVersion: 113.0.5672.63 (0e1a4471d5ae..., userDataDir: C:\Users\88013\AppData\Loca...}, goog:chromeOptions: {debuggerAddress: localhost:57182}, networkConnectionEnabled: false, pageLoadStrategy: normal, platformName: WINDOWS, proxy: Proxy(), se:cdp: ws://localhost:57182/devtoo..., se:cdpVersion: 113.0.5672.127, setWindowRect: true, strictFileInteractability: false, timeouts: {implicit: 0, pageLoad: 300000, script: 30000}, unhandledPromptBehavior: dismiss and notify, webauthn:extension:credBlob: true, webauthn:extension:largeBlob: true, webauthn:extension:minPinLength: true, webauthn:extension:prf: true, webauthn:virtualAuthenticators: true}
Session ID: c266842a6348d4a5979814356cce63bc
	at org.openqa.selenium.remote.codec.w3c.W3CHttpResponseCodec.createException(W3CHttpResponseCodec.java:200)
	at org.openqa.selenium.remote.codec.w3c.W3CHttpResponseCodec.decode(W3CHttpResponseCodec.java:133)
	at org.openqa.selenium.remote.codec.w3c.W3CHttpResponseCodec.decode(W3CHttpResponseCodec.java:53)
	at org.openqa.selenium.remote.HttpCommandExecutor.execute(HttpCommandExecutor.java:193)
	at org.openqa.selenium.remote.service.DriverCommandExecutor.invokeExecute(DriverCommandExecutor.java:183)
	at org.openqa.selenium.remote.service.DriverCommandExecutor.execute(DriverCommandExecutor.java:158)
	at org.openqa.selenium.remote.RemoteWebDriver.execute(RemoteWebDriver.java:543)
	at org.openqa.selenium.remote.ElementLocation$ElementFinder$2.findElement(ElementLocation.java:162)
	at org.openqa.selenium.remote.ElementLocation.findElement(ElementLocation.java:60)
	at org.openqa.selenium.remote.RemoteWebDriver.findElement(RemoteWebDriver.java:352)
	at org.openqa.selenium.remote.RemoteWebDriver.findElement(RemoteWebDriver.java:344)
	at Branch.branch_09_view_branch.branch(branch_09_view_branch.java:33)
	at java.base/java.util.ArrayList.forEach(ArrayList.java:1511)
... Removed 28 stack frames</div></td></tr></table><p class="totop"><a href="#summary">back to summary</a></p>
<h3 id="m1">Branch.branch_01_branch_language_change_#branch</h3><table class="result"><tr><th class="invisible"/></tr></table><p class="totop"><a href="#summary">back to summary</a></p>
<h3 id="m2">Branch.branch_02_branch_list_page_#branch</h3><table class="result"><tr><th class="invisible"/></tr></table><p class="totop"><a href="#summary">back to summary</a></p>
<h3 id="m3">Branch.branch_03_select_status#branch</h3><table class="result"><tr><th class="invisible"/></tr></table><p class="totop"><a href="#summary">back to summary</a></p>
<h3 id="m4">Branch.branch_04_select_branch_type#branch</h3><table class="result"><tr><th class="invisible"/></tr></table><p class="totop"><a href="#summary">back to summary</a></p>
<h3 id="m5">Branch.branch_05_create_branch_correct#branch</h3><table class="result"><tr><th class="invisible"/></tr></table><p class="totop"><a href="#summary">back to summary</a></p>
<h3 id="m6">Branch.branch_06_lock_branch#branch</h3><table class="result"><tr><th class="invisible"/></tr></table><p class="totop"><a href="#summary">back to summary</a></p>
<h3 id="m7">Branch.branch_07_unlock_branch#branch</h3><table class="result"><tr><th class="invisible"/></tr></table><p class="totop"><a href="#summary">back to summary</a></p>
<h3 id="m8">Branch.branch_08_edit_branch#branch</h3><table class="result"><tr><th class="invisible"/></tr></table><p class="totop"><a href="#summary">back to summary</a></p>
<h2>Samity</h2><h3 id="m9">Samity.Samity_05_Samity_Lock#branch</h3><table class="result"><tr><th>Exception</th></tr><tr><td><div class="stacktrace">org.openqa.selenium.NoSuchElementException: no such element: Unable to locate element: {&quot;method&quot;:&quot;xpath&quot;,&quot;selector&quot;:&quot;//img[@id=&apos;lockButtonImg_3&apos;]&quot;}
  (Session info: chrome=113.0.5672.127)
For documentation on this error, please visit: https://selenium.dev/exceptions/#no_such_element
Build info: version: &apos;4.8.3&apos;, revision: &apos;e5e76298c3&apos;
System info: os.name: &apos;Windows 10&apos;, os.arch: &apos;amd64&apos;, os.version: &apos;10.0&apos;, java.version: &apos;19.0.1&apos;
Driver info: org.openqa.selenium.chrome.ChromeDriver
Command: [c266842a6348d4a5979814356cce63bc, findElement {using=xpath, value=//img[@id=&apos;lockButtonImg_3&apos;]}]
Capabilities {acceptInsecureCerts: false, browserName: chrome, browserVersion: 113.0.5672.127, chrome: {chromedriverVersion: 113.0.5672.63 (0e1a4471d5ae..., userDataDir: C:\Users\88013\AppData\Loca...}, goog:chromeOptions: {debuggerAddress: localhost:57182}, networkConnectionEnabled: false, pageLoadStrategy: normal, platformName: WINDOWS, proxy: Proxy(), se:cdp: ws://localhost:57182/devtoo..., se:cdpVersion: 113.0.5672.127, setWindowRect: true, strictFileInteractability: false, timeouts: {implicit: 0, pageLoad: 300000, script: 30000}, unhandledPromptBehavior: dismiss and notify, webauthn:extension:credBlob: true, webauthn:extension:largeBlob: true, webauthn:extension:minPinLength: true, webauthn:extension:prf: true, webauthn:virtualAuthenticators: true}
Session ID: c266842a6348d4a5979814356cce63bc
	at org.openqa.selenium.remote.codec.w3c.W3CHttpResponseCodec.createException(W3CHttpResponseCodec.java:200)
	at org.openqa.selenium.remote.codec.w3c.W3CHttpResponseCodec.decode(W3CHttpResponseCodec.java:133)
	at org.openqa.selenium.remote.codec.w3c.W3CHttpResponseCodec.decode(W3CHttpResponseCodec.java:53)
	at org.openqa.selenium.remote.HttpCommandExecutor.execute(HttpCommandExecutor.java:193)
	at org.openqa.selenium.remote.service.DriverCommandExecutor.invokeExecute(DriverCommandExecutor.java:183)
	at org.openqa.selenium.remote.service.DriverCommandExecutor.execute(DriverCommandExecutor.java:158)
	at org.openqa.selenium.remote.RemoteWebDriver.execute(RemoteWebDriver.java:543)
	at org.openqa.selenium.remote.ElementLocation$ElementFinder$2.findElement(ElementLocation.java:162)
	at org.openqa.selenium.remote.ElementLocation.findElement(ElementLocation.java:60)
	at org.openqa.selenium.remote.RemoteWebDriver.findElement(RemoteWebDriver.java:352)
	at org.openqa.selenium.remote.RemoteWebDriver.findElement(RemoteWebDriver.java:344)
	at Samity.Samity_05_Samity_Lock.branch(Samity_05_Samity_Lock.java:38)
	at java.base/java.util.ArrayList.forEach(ArrayList.java:1511)
... Removed 28 stack frames</div></td></tr></table><p class="totop"><a href="#summary">back to summary</a></p>
<h3 id="m10">Samity.Samity_06_Samity_Unlock#branch</h3><table class="result"><tr><th>Exception</th></tr><tr><td><div class="stacktrace">org.openqa.selenium.NoSuchElementException: no such element: Unable to locate element: {&quot;method&quot;:&quot;xpath&quot;,&quot;selector&quot;:&quot;//img[@id=&apos;unlockButtonImg_2&apos;]&quot;}
  (Session info: chrome=113.0.5672.127)
For documentation on this error, please visit: https://selenium.dev/exceptions/#no_such_element
Build info: version: &apos;4.8.3&apos;, revision: &apos;e5e76298c3&apos;
System info: os.name: &apos;Windows 10&apos;, os.arch: &apos;amd64&apos;, os.version: &apos;10.0&apos;, java.version: &apos;19.0.1&apos;
Driver info: org.openqa.selenium.chrome.ChromeDriver
Command: [c266842a6348d4a5979814356cce63bc, findElement {using=xpath, value=//img[@id=&apos;unlockButtonImg_2&apos;]}]
Capabilities {acceptInsecureCerts: false, browserName: chrome, browserVersion: 113.0.5672.127, chrome: {chromedriverVersion: 113.0.5672.63 (0e1a4471d5ae..., userDataDir: C:\Users\88013\AppData\Loca...}, goog:chromeOptions: {debuggerAddress: localhost:57182}, networkConnectionEnabled: false, pageLoadStrategy: normal, platformName: WINDOWS, proxy: Proxy(), se:cdp: ws://localhost:57182/devtoo..., se:cdpVersion: 113.0.5672.127, setWindowRect: true, strictFileInteractability: false, timeouts: {implicit: 0, pageLoad: 300000, script: 30000}, unhandledPromptBehavior: dismiss and notify, webauthn:extension:credBlob: true, webauthn:extension:largeBlob: true, webauthn:extension:minPinLength: true, webauthn:extension:prf: true, webauthn:virtualAuthenticators: true}
Session ID: c266842a6348d4a5979814356cce63bc
	at org.openqa.selenium.remote.codec.w3c.W3CHttpResponseCodec.createException(W3CHttpResponseCodec.java:200)
	at org.openqa.selenium.remote.codec.w3c.W3CHttpResponseCodec.decode(W3CHttpResponseCodec.java:133)
	at org.openqa.selenium.remote.codec.w3c.W3CHttpResponseCodec.decode(W3CHttpResponseCodec.java:53)
	at org.openqa.selenium.remote.HttpCommandExecutor.execute(HttpCommandExecutor.java:193)
	at org.openqa.selenium.remote.service.DriverCommandExecutor.invokeExecute(DriverCommandExecutor.java:183)
	at org.openqa.selenium.remote.service.DriverCommandExecutor.execute(DriverCommandExecutor.java:158)
	at org.openqa.selenium.remote.RemoteWebDriver.execute(RemoteWebDriver.java:543)
	at org.openqa.selenium.remote.ElementLocation$ElementFinder$2.findElement(ElementLocation.java:162)
	at org.openqa.selenium.remote.ElementLocation.findElement(ElementLocation.java:60)
	at org.openqa.selenium.remote.RemoteWebDriver.findElement(RemoteWebDriver.java:352)
	at org.openqa.selenium.remote.RemoteWebDriver.findElement(RemoteWebDriver.java:344)
	at Samity.Samity_06_Samity_Unlock.branch(Samity_06_Samity_Unlock.java:39)
	at java.base/java.util.ArrayList.forEach(ArrayList.java:1511)
... Removed 28 stack frames</div></td></tr></table><p class="totop"><a href="#summary">back to summary</a></p>
<h3 id="m11">Samity.Samity_07_Samity_Edit#branch</h3><table class="result"><tr><th>Exception</th></tr><tr><td><div class="stacktrace">org.openqa.selenium.NoSuchElementException: no such element: Unable to locate element: {&quot;method&quot;:&quot;xpath&quot;,&quot;selector&quot;:&quot;//body/app-root[1]/app-main-shell[1]/app-navbar[1]/mat-sidenav-container[1]/mat-sidenav-content[1]/div[1]/app-mfi-app[1]/div[1]/app-mfi-samity[1]/app-mfi-samity-list[1]/div[2]/div[1]/app-data-table-workflow[1]/div[1]/div[3]/mat-table[1]/mat-row[1]/mat-cell[8]/button[2]/span[1]/img[1]&quot;}
  (Session info: chrome=113.0.5672.127)
For documentation on this error, please visit: https://selenium.dev/exceptions/#no_such_element
Build info: version: &apos;4.8.3&apos;, revision: &apos;e5e76298c3&apos;
System info: os.name: &apos;Windows 10&apos;, os.arch: &apos;amd64&apos;, os.version: &apos;10.0&apos;, java.version: &apos;19.0.1&apos;
Driver info: org.openqa.selenium.chrome.ChromeDriver
Command: [c266842a6348d4a5979814356cce63bc, findElement {using=xpath, value=//body/app-root[1]/app-main-shell[1]/app-navbar[1]/mat-sidenav-container[1]/mat-sidenav-content[1]/div[1]/app-mfi-app[1]/div[1]/app-mfi-samity[1]/app-mfi-samity-list[1]/div[2]/div[1]/app-data-table-workflow[1]/div[1]/div[3]/mat-table[1]/mat-row[1]/mat-cell[8]/button[2]/span[1]/img[1]}]
Capabilities {acceptInsecureCerts: false, browserName: chrome, browserVersion: 113.0.5672.127, chrome: {chromedriverVersion: 113.0.5672.63 (0e1a4471d5ae..., userDataDir: C:\Users\88013\AppData\Loca...}, goog:chromeOptions: {debuggerAddress: localhost:57182}, networkConnectionEnabled: false, pageLoadStrategy: normal, platformName: WINDOWS, proxy: Proxy(), se:cdp: ws://localhost:57182/devtoo..., se:cdpVersion: 113.0.5672.127, setWindowRect: true, strictFileInteractability: false, timeouts: {implicit: 0, pageLoad: 300000, script: 30000}, unhandledPromptBehavior: dismiss and notify, webauthn:extension:credBlob: true, webauthn:extension:largeBlob: true, webauthn:extension:minPinLength: true, webauthn:extension:prf: true, webauthn:virtualAuthenticators: true}
Session ID: c266842a6348d4a5979814356cce63bc
	at org.openqa.selenium.remote.codec.w3c.W3CHttpResponseCodec.createException(W3CHttpResponseCodec.java:200)
	at org.openqa.selenium.remote.codec.w3c.W3CHttpResponseCodec.decode(W3CHttpResponseCodec.java:133)
	at org.openqa.selenium.remote.codec.w3c.W3CHttpResponseCodec.decode(W3CHttpResponseCodec.java:53)
	at org.openqa.selenium.remote.HttpCommandExecutor.execute(HttpCommandExecutor.java:193)
	at org.openqa.selenium.remote.service.DriverCommandExecutor.invokeExecute(DriverCommandExecutor.java:183)
	at org.openqa.selenium.remote.service.DriverCommandExecutor.execute(DriverCommandExecutor.java:158)
	at org.openqa.selenium.remote.RemoteWebDriver.execute(RemoteWebDriver.java:543)
	at org.openqa.selenium.remote.ElementLocation$ElementFinder$2.findElement(ElementLocation.java:162)
	at org.openqa.selenium.remote.ElementLocation.findElement(ElementLocation.java:60)
	at org.openqa.selenium.remote.RemoteWebDriver.findElement(RemoteWebDriver.java:352)
	at org.openqa.selenium.remote.RemoteWebDriver.findElement(RemoteWebDriver.java:344)
	at Samity.Samity_07_Samity_Edit.branch(Samity_07_Samity_Edit.java:39)
	at java.base/java.util.ArrayList.forEach(ArrayList.java:1511)
... Removed 28 stack frames</div></td></tr></table><p class="totop"><a href="#summary">back to summary</a></p>
<h3 id="m12">Samity.Samity_08_Samity_View#branch</h3><table class="result"><tr><th>Exception</th></tr><tr><td><div class="stacktrace">org.openqa.selenium.NoSuchElementException: no such element: Unable to locate element: {&quot;method&quot;:&quot;xpath&quot;,&quot;selector&quot;:&quot;//body/app-root[1]/app-main-shell[1]/app-navbar[1]/mat-sidenav-container[1]/mat-sidenav-content[1]/div[1]/app-mfi-app[1]/div[1]/app-mfi-samity[1]/app-mfi-samity-list[1]/div[2]/div[1]/app-data-table-workflow[1]/div[1]/div[3]/mat-table[1]/mat-row[4]/mat-cell[8]/button[3]/span[1]/img[1]&quot;}
  (Session info: chrome=113.0.5672.127)
For documentation on this error, please visit: https://selenium.dev/exceptions/#no_such_element
Build info: version: &apos;4.8.3&apos;, revision: &apos;e5e76298c3&apos;
System info: os.name: &apos;Windows 10&apos;, os.arch: &apos;amd64&apos;, os.version: &apos;10.0&apos;, java.version: &apos;19.0.1&apos;
Driver info: org.openqa.selenium.chrome.ChromeDriver
Command: [c266842a6348d4a5979814356cce63bc, findElement {using=xpath, value=//body/app-root[1]/app-main-shell[1]/app-navbar[1]/mat-sidenav-container[1]/mat-sidenav-content[1]/div[1]/app-mfi-app[1]/div[1]/app-mfi-samity[1]/app-mfi-samity-list[1]/div[2]/div[1]/app-data-table-workflow[1]/div[1]/div[3]/mat-table[1]/mat-row[4]/mat-cell[8]/button[3]/span[1]/img[1]}]
Capabilities {acceptInsecureCerts: false, browserName: chrome, browserVersion: 113.0.5672.127, chrome: {chromedriverVersion: 113.0.5672.63 (0e1a4471d5ae..., userDataDir: C:\Users\88013\AppData\Loca...}, goog:chromeOptions: {debuggerAddress: localhost:57182}, networkConnectionEnabled: false, pageLoadStrategy: normal, platformName: WINDOWS, proxy: Proxy(), se:cdp: ws://localhost:57182/devtoo..., se:cdpVersion: 113.0.5672.127, setWindowRect: true, strictFileInteractability: false, timeouts: {implicit: 0, pageLoad: 300000, script: 30000}, unhandledPromptBehavior: dismiss and notify, webauthn:extension:credBlob: true, webauthn:extension:largeBlob: true, webauthn:extension:minPinLength: true, webauthn:extension:prf: true, webauthn:virtualAuthenticators: true}
Session ID: c266842a6348d4a5979814356cce63bc
	at org.openqa.selenium.remote.codec.w3c.W3CHttpResponseCodec.createException(W3CHttpResponseCodec.java:200)
	at org.openqa.selenium.remote.codec.w3c.W3CHttpResponseCodec.decode(W3CHttpResponseCodec.java:133)
	at org.openqa.selenium.remote.codec.w3c.W3CHttpResponseCodec.decode(W3CHttpResponseCodec.java:53)
	at org.openqa.selenium.remote.HttpCommandExecutor.execute(HttpCommandExecutor.java:193)
	at org.openqa.selenium.remote.service.DriverCommandExecutor.invokeExecute(DriverCommandExecutor.java:183)
	at org.openqa.selenium.remote.service.DriverCommandExecutor.execute(DriverCommandExecutor.java:158)
	at org.openqa.selenium.remote.RemoteWebDriver.execute(RemoteWebDriver.java:543)
	at org.openqa.selenium.remote.ElementLocation$ElementFinder$2.findElement(ElementLocation.java:162)
	at org.openqa.selenium.remote.ElementLocation.findElement(ElementLocation.java:60)
	at org.openqa.selenium.remote.RemoteWebDriver.findElement(RemoteWebDriver.java:352)
	at org.openqa.selenium.remote.RemoteWebDriver.findElement(RemoteWebDriver.java:344)
	at Samity.Samity_08_Samity_View.branch(Samity_08_Samity_View.java:39)
	at java.base/java.util.ArrayList.forEach(ArrayList.java:1511)
... Removed 28 stack frames</div></td></tr></table><p class="totop"><a href="#summary">back to summary</a></p>
<h3 id="m13">Samity.Samity_01_Samity_List_Page#branch</h3><table class="result"><tr><th class="invisible"/></tr></table><p class="totop"><a href="#summary">back to summary</a></p>
<h3 id="m14">Samity.Samity_02_Samity_Searching_Placeholder#branch</h3><table class="result"><tr><th class="invisible"/></tr></table><p class="totop"><a href="#summary">back to summary</a></p>
<h3 id="m15">Samity.Samity_03_Samity_By_Status#branch</h3><table class="result"><tr><th class="invisible"/></tr></table><p class="totop"><a href="#summary">back to summary</a></p>
<h3 id="m16">Samity.Samity_04_Samity_By_Branch#branch</h3><table class="result"><tr><th class="invisible"/></tr></table><p class="totop"><a href="#summary">back to summary</a></p>
<h3 id="m17">Samity.Samity_09_Create_Samity_Correct#branch</h3><table class="result"><tr><th class="invisible"/></tr></table><p class="totop"><a href="#summary">back to summary</a></p>
<h2>Member</h2><h3 id="m18">Member.Member_06_Member_Unlock#member</h3><table class="result"><tr><th>Exception</th></tr><tr><td><div class="stacktrace">org.openqa.selenium.ElementClickInterceptedException: element click intercepted: Element &lt;img _ngcontent-ydx-c214=&quot;&quot; src=&quot;../../../../assets/icons/list-icons/icon-lock.svg&quot; id=&quot;unlockButtonImg_0&quot;&gt; is not clickable at point (1072, 406). Other element would receive the click: &lt;div _ngcontent-ydx-c194=&quot;&quot; tabindex=&quot;-1&quot; aria-labelledby=&quot;exampleModalLabel&quot; class=&quot;modal fade ng-star-inserted show&quot; id=&quot;unlockRecordModal&quot; aria-modal=&quot;true&quot; role=&quot;dialog&quot; style=&quot;display: block;&quot;&gt;...&lt;/div&gt;
  (Session info: chrome=113.0.5672.127)
Build info: version: &apos;4.8.3&apos;, revision: &apos;e5e76298c3&apos;
System info: os.name: &apos;Windows 10&apos;, os.arch: &apos;amd64&apos;, os.version: &apos;10.0&apos;, java.version: &apos;19.0.1&apos;
Driver info: org.openqa.selenium.chrome.ChromeDriver
Command: [c266842a6348d4a5979814356cce63bc, clickElement {id=04514509CFF603BE794ED219C4A5792B_element_409}]
Capabilities {acceptInsecureCerts: false, browserName: chrome, browserVersion: 113.0.5672.127, chrome: {chromedriverVersion: 113.0.5672.63 (0e1a4471d5ae..., userDataDir: C:\Users\88013\AppData\Loca...}, goog:chromeOptions: {debuggerAddress: localhost:57182}, networkConnectionEnabled: false, pageLoadStrategy: normal, platformName: WINDOWS, proxy: Proxy(), se:cdp: ws://localhost:57182/devtoo..., se:cdpVersion: 113.0.5672.127, setWindowRect: true, strictFileInteractability: false, timeouts: {implicit: 0, pageLoad: 300000, script: 30000}, unhandledPromptBehavior: dismiss and notify, webauthn:extension:credBlob: true, webauthn:extension:largeBlob: true, webauthn:extension:minPinLength: true, webauthn:extension:prf: true, webauthn:virtualAuthenticators: true}
Element: [[ChromeDriver: chrome on WINDOWS (c266842a6348d4a5979814356cce63bc)] -&gt; xpath: /html[1]/body[1]/app-root[1]/app-main-shell[1]/app-navbar[1]/mat-sidenav-container[1]/mat-sidenav-content[1]/div[1]/app-mfi-app[1]/div[1]/app-mfi-member[1]/app-mfi-member-list[1]/div[2]/div[1]/app-data-table-workflow[1]/div[1]/div[3]/mat-table[1]/mat-row[1]/mat-cell[10]/button[1]/span[1]/img[1]]
Session ID: c266842a6348d4a5979814356cce63bc
	at org.openqa.selenium.remote.codec.w3c.W3CHttpResponseCodec.createException(W3CHttpResponseCodec.java:200)
	at org.openqa.selenium.remote.codec.w3c.W3CHttpResponseCodec.decode(W3CHttpResponseCodec.java:133)
	at org.openqa.selenium.remote.codec.w3c.W3CHttpResponseCodec.decode(W3CHttpResponseCodec.java:53)
	at org.openqa.selenium.remote.HttpCommandExecutor.execute(HttpCommandExecutor.java:193)
	at org.openqa.selenium.remote.service.DriverCommandExecutor.invokeExecute(DriverCommandExecutor.java:183)
	at org.openqa.selenium.remote.service.DriverCommandExecutor.execute(DriverCommandExecutor.java:158)
	at org.openqa.selenium.remote.RemoteWebDriver.execute(RemoteWebDriver.java:543)
	at org.openqa.selenium.remote.RemoteWebElement.execute(RemoteWebElement.java:257)
	at org.openqa.selenium.remote.RemoteWebElement.click(RemoteWebElement.java:78)
	at Member.Member_06_Member_Unlock.member(Member_06_Member_Unlock.java:16)
	at java.base/java.util.ArrayList.forEach(ArrayList.java:1511)
... Removed 28 stack frames</div></td></tr></table><p class="totop"><a href="#summary">back to summary</a></p>
<h3 id="m19">Member.Member_07_Member_Edit#member</h3><table class="result"><tr><th>Exception</th></tr><tr><td><div class="stacktrace">org.openqa.selenium.ElementClickInterceptedException: element click intercepted: Element &lt;img _ngcontent-ydx-c214=&quot;&quot; src=&quot;./../../../../assets/icons/list-icons/icon-edit.svg&quot; alt=&quot;Btn_Update&quot; class=&quot;ng-star-inserted&quot;&gt; is not clickable at point (1108, 405). Other element would receive the click: &lt;div _ngcontent-ydx-c194=&quot;&quot; tabindex=&quot;-1&quot; aria-labelledby=&quot;exampleModalLabel&quot; class=&quot;modal fade ng-star-inserted show&quot; id=&quot;unlockRecordModal&quot; aria-modal=&quot;true&quot; role=&quot;dialog&quot; style=&quot;display: block;&quot;&gt;...&lt;/div&gt;
  (Session info: chrome=113.0.5672.127)
Build info: version: &apos;4.8.3&apos;, revision: &apos;e5e76298c3&apos;
System info: os.name: &apos;Windows 10&apos;, os.arch: &apos;amd64&apos;, os.version: &apos;10.0&apos;, java.version: &apos;19.0.1&apos;
Driver info: org.openqa.selenium.chrome.ChromeDriver
Command: [c266842a6348d4a5979814356cce63bc, clickElement {id=04514509CFF603BE794ED219C4A5792B_element_413}]
Capabilities {acceptInsecureCerts: false, browserName: chrome, browserVersion: 113.0.5672.127, chrome: {chromedriverVersion: 113.0.5672.63 (0e1a4471d5ae..., userDataDir: C:\Users\88013\AppData\Loca...}, goog:chromeOptions: {debuggerAddress: localhost:57182}, networkConnectionEnabled: false, pageLoadStrategy: normal, platformName: WINDOWS, proxy: Proxy(), se:cdp: ws://localhost:57182/devtoo..., se:cdpVersion: 113.0.5672.127, setWindowRect: true, strictFileInteractability: false, timeouts: {implicit: 0, pageLoad: 300000, script: 30000}, unhandledPromptBehavior: dismiss and notify, webauthn:extension:credBlob: true, webauthn:extension:largeBlob: true, webauthn:extension:minPinLength: true, webauthn:extension:prf: true, webauthn:virtualAuthenticators: true}
Element: [[ChromeDriver: chrome on WINDOWS (c266842a6348d4a5979814356cce63bc)] -&gt; xpath: /html[1]/body[1]/app-root[1]/app-main-shell[1]/app-navbar[1]/mat-sidenav-container[1]/mat-sidenav-content[1]/div[1]/app-mfi-app[1]/div[1]/app-mfi-member[1]/app-mfi-member-list[1]/div[2]/div[1]/app-data-table-workflow[1]/div[1]/div[3]/mat-table[1]/mat-row[1]/mat-cell[10]/button[2]/span[1]/img[1]]
Session ID: c266842a6348d4a5979814356cce63bc
	at org.openqa.selenium.remote.codec.w3c.W3CHttpResponseCodec.createException(W3CHttpResponseCodec.java:200)
	at org.openqa.selenium.remote.codec.w3c.W3CHttpResponseCodec.decode(W3CHttpResponseCodec.java:133)
	at org.openqa.selenium.remote.codec.w3c.W3CHttpResponseCodec.decode(W3CHttpResponseCodec.java:53)
	at org.openqa.selenium.remote.HttpCommandExecutor.execute(HttpCommandExecutor.java:193)
	at org.openqa.selenium.remote.service.DriverCommandExecutor.invokeExecute(DriverCommandExecutor.java:183)
	at org.openqa.selenium.remote.service.DriverCommandExecutor.execute(DriverCommandExecutor.java:158)
	at org.openqa.selenium.remote.RemoteWebDriver.execute(RemoteWebDriver.java:543)
	at org.openqa.selenium.remote.RemoteWebElement.execute(RemoteWebElement.java:257)
	at org.openqa.selenium.remote.RemoteWebElement.click(RemoteWebElement.java:78)
	at Member.Member_07_Member_Edit.member(Member_07_Member_Edit.java:15)
	at java.base/java.util.ArrayList.forEach(ArrayList.java:1511)
... Removed 28 stack frames</div></td></tr></table><p class="totop"><a href="#summary">back to summary</a></p>
<h3 id="m20">Member.Member_08_Member_View#member</h3><table class="result"><tr><th>Exception</th></tr><tr><td><div class="stacktrace">org.openqa.selenium.ElementClickInterceptedException: element click intercepted: Element &lt;img _ngcontent-ydx-c214=&quot;&quot; src=&quot;./../../../../assets/icons/list-icons/icon-view.svg&quot; alt=&quot;Btn_Detail_View&quot; class=&quot;ng-star-inserted&quot;&gt; is not clickable at point (1144, 405). Other element would receive the click: &lt;div _ngcontent-ydx-c194=&quot;&quot; tabindex=&quot;-1&quot; aria-labelledby=&quot;exampleModalLabel&quot; class=&quot;modal fade ng-star-inserted show&quot; id=&quot;unlockRecordModal&quot; aria-modal=&quot;true&quot; role=&quot;dialog&quot; style=&quot;display: block;&quot;&gt;...&lt;/div&gt;
  (Session info: chrome=113.0.5672.127)
Build info: version: &apos;4.8.3&apos;, revision: &apos;e5e76298c3&apos;
System info: os.name: &apos;Windows 10&apos;, os.arch: &apos;amd64&apos;, os.version: &apos;10.0&apos;, java.version: &apos;19.0.1&apos;
Driver info: org.openqa.selenium.chrome.ChromeDriver
Command: [c266842a6348d4a5979814356cce63bc, clickElement {id=04514509CFF603BE794ED219C4A5792B_element_414}]
Capabilities {acceptInsecureCerts: false, browserName: chrome, browserVersion: 113.0.5672.127, chrome: {chromedriverVersion: 113.0.5672.63 (0e1a4471d5ae..., userDataDir: C:\Users\88013\AppData\Loca...}, goog:chromeOptions: {debuggerAddress: localhost:57182}, networkConnectionEnabled: false, pageLoadStrategy: normal, platformName: WINDOWS, proxy: Proxy(), se:cdp: ws://localhost:57182/devtoo..., se:cdpVersion: 113.0.5672.127, setWindowRect: true, strictFileInteractability: false, timeouts: {implicit: 0, pageLoad: 300000, script: 30000}, unhandledPromptBehavior: dismiss and notify, webauthn:extension:credBlob: true, webauthn:extension:largeBlob: true, webauthn:extension:minPinLength: true, webauthn:extension:prf: true, webauthn:virtualAuthenticators: true}
Element: [[ChromeDriver: chrome on WINDOWS (c266842a6348d4a5979814356cce63bc)] -&gt; xpath: /html[1]/body[1]/app-root[1]/app-main-shell[1]/app-navbar[1]/mat-sidenav-container[1]/mat-sidenav-content[1]/div[1]/app-mfi-app[1]/div[1]/app-mfi-member[1]/app-mfi-member-list[1]/div[2]/div[1]/app-data-table-workflow[1]/div[1]/div[3]/mat-table[1]/mat-row[1]/mat-cell[10]/button[3]/span[1]/img[1]]
Session ID: c266842a6348d4a5979814356cce63bc
	at org.openqa.selenium.remote.codec.w3c.W3CHttpResponseCodec.createException(W3CHttpResponseCodec.java:200)
	at org.openqa.selenium.remote.codec.w3c.W3CHttpResponseCodec.decode(W3CHttpResponseCodec.java:133)
	at org.openqa.selenium.remote.codec.w3c.W3CHttpResponseCodec.decode(W3CHttpResponseCodec.java:53)
	at org.openqa.selenium.remote.HttpCommandExecutor.execute(HttpCommandExecutor.java:193)
	at org.openqa.selenium.remote.service.DriverCommandExecutor.invokeExecute(DriverCommandExecutor.java:183)
	at org.openqa.selenium.remote.service.DriverCommandExecutor.execute(DriverCommandExecutor.java:158)
	at org.openqa.selenium.remote.RemoteWebDriver.execute(RemoteWebDriver.java:543)
	at org.openqa.selenium.remote.RemoteWebElement.execute(RemoteWebElement.java:257)
	at org.openqa.selenium.remote.RemoteWebElement.click(RemoteWebElement.java:78)
	at Member.Member_08_Member_View.member(Member_08_Member_View.java:16)
	at java.base/java.util.ArrayList.forEach(ArrayList.java:1511)
... Removed 28 stack frames</div></td></tr></table><p class="totop"><a href="#summary">back to summary</a></p>
<h3 id="m21">Member.Member_01_Member_List_Page#member</h3><table class="result"><tr><th class="invisible"/></tr></table><p class="totop"><a href="#summary">back to summary</a></p>
<h3 id="m22">Member.Member_02_Member_Searching_Placeholder#member</h3><table class="result"><tr><th class="invisible"/></tr></table><p class="totop"><a href="#summary">back to summary</a></p>
<h3 id="m23">Member.Member_03_Member_By_Status#member</h3><table class="result"><tr><th class="invisible"/></tr></table><p class="totop"><a href="#summary">back to summary</a></p>
<h3 id="m24">Member.Member_04_Member_By_Branch#member</h3><table class="result"><tr><th class="invisible"/></tr></table><p class="totop"><a href="#summary">back to summary</a></p>
<h3 id="m25">Member.Member_05_Member_Lock#member</h3><table class="result"><tr><th class="invisible"/></tr></table><p class="totop"><a href="#summary">back to summary</a></p>
</body>
</html>
