<?xml version="1.0" encoding="UTF-8"?>
<!-- Generated by org.testng.reporters.JUnitReportReporter -->
<testsuite hostname="DESKTOP-V86NK31" failures="0" tests="1" name="Member.Member_08_Member_View" time="1.138" errors="1" timestamp="2023-05-22T17:32:27 BDT" skipped="0">
  <testcase classname="Member.Member_08_Member_View" name="member" time="1.138">
    <error message="element click intercepted: Element &lt;img _ngcontent-ydx-c214=&quot;&quot; src=&quot;./../../../../assets/icons/list-icons/icon-view.svg&quot; alt=&quot;Btn_Detail_View&quot; class=&quot;ng-star-inserted&quot;&gt; is not clickable at point (1144, 405). Other element would receive the click: &lt;div _ngcontent-ydx-c194=&quot;&quot; tabindex=&quot;-1&quot; aria-labelledby=&quot;exampleModalLabel&quot; class=&quot;modal fade ng-star-inserted show&quot; id=&quot;unlockRecordModal&quot; aria-modal=&quot;true&quot; role=&quot;dialog&quot; style=&quot;display: block;&quot;&gt;...&lt;/div&gt;
  (Session info: chrome=113.0.5672.127)
Build info: version: &#039;4.8.3&#039;, revision: &#039;e5e76298c3&#039;
System info: os.name: &#039;Windows 10&#039;, os.arch: &#039;amd64&#039;, os.version: &#039;10.0&#039;, java.version: &#039;19.0.1&#039;
Driver info: org.openqa.selenium.chrome.ChromeDriver
Command: [c266842a6348d4a5979814356cce63bc, clickElement {id=04514509CFF603BE794ED219C4A5792B_element_414}]
Capabilities {acceptInsecureCerts: false, browserName: chrome, browserVersion: 113.0.5672.127, chrome: {chromedriverVersion: 113.0.5672.63 (0e1a4471d5ae..., userDataDir: C:\Users\88013\AppData\Loca...}, goog:chromeOptions: {debuggerAddress: localhost:57182}, networkConnectionEnabled: false, pageLoadStrategy: normal, platformName: WINDOWS, proxy: Proxy(), se:cdp: ws://localhost:57182/devtoo..., se:cdpVersion: 113.0.5672.127, setWindowRect: true, strictFileInteractability: false, timeouts: {implicit: 0, pageLoad: 300000, script: 30000}, unhandledPromptBehavior: dismiss and notify, webauthn:extension:credBlob: true, webauthn:extension:largeBlob: true, webauthn:extension:minPinLength: true, webauthn:extension:prf: true, webauthn:virtualAuthenticators: true}
Element: [[ChromeDriver: chrome on WINDOWS (c266842a6348d4a5979814356cce63bc)] -&gt; xpath: /html[1]/body[1]/app-root[1]/app-main-shell[1]/app-navbar[1]/mat-sidenav-container[1]/mat-sidenav-content[1]/div[1]/app-mfi-app[1]/div[1]/app-mfi-member[1]/app-mfi-member-list[1]/div[2]/div[1]/app-data-table-workflow[1]/div[1]/div[3]/mat-table[1]/mat-row[1]/mat-cell[10]/button[3]/span[1]/img[1]]
Session ID: c266842a6348d4a5979814356cce63bc" type="org.openqa.selenium.ElementClickInterceptedException">
      <![CDATA[org.openqa.selenium.ElementClickInterceptedException: element click intercepted: Element <img _ngcontent-ydx-c214="" src="./../../../../assets/icons/list-icons/icon-view.svg" alt="Btn_Detail_View" class="ng-star-inserted"> is not clickable at point (1144, 405). Other element would receive the click: <div _ngcontent-ydx-c194="" tabindex="-1" aria-labelledby="exampleModalLabel" class="modal fade ng-star-inserted show" id="unlockRecordModal" aria-modal="true" role="dialog" style="display: block;">...</div>
  (Session info: chrome=113.0.5672.127)
Build info: version: '4.8.3', revision: 'e5e76298c3'
System info: os.name: 'Windows 10', os.arch: 'amd64', os.version: '10.0', java.version: '19.0.1'
Driver info: org.openqa.selenium.chrome.ChromeDriver
Command: [c266842a6348d4a5979814356cce63bc, clickElement {id=04514509CFF603BE794ED219C4A5792B_element_414}]
Capabilities {acceptInsecureCerts: false, browserName: chrome, browserVersion: 113.0.5672.127, chrome: {chromedriverVersion: 113.0.5672.63 (0e1a4471d5ae..., userDataDir: C:\Users\88013\AppData\Loca...}, goog:chromeOptions: {debuggerAddress: localhost:57182}, networkConnectionEnabled: false, pageLoadStrategy: normal, platformName: WINDOWS, proxy: Proxy(), se:cdp: ws://localhost:57182/devtoo..., se:cdpVersion: 113.0.5672.127, setWindowRect: true, strictFileInteractability: false, timeouts: {implicit: 0, pageLoad: 300000, script: 30000}, unhandledPromptBehavior: dismiss and notify, webauthn:extension:credBlob: true, webauthn:extension:largeBlob: true, webauthn:extension:minPinLength: true, webauthn:extension:prf: true, webauthn:virtualAuthenticators: true}
Element: [[ChromeDriver: chrome on WINDOWS (c266842a6348d4a5979814356cce63bc)] -> xpath: /html[1]/body[1]/app-root[1]/app-main-shell[1]/app-navbar[1]/mat-sidenav-container[1]/mat-sidenav-content[1]/div[1]/app-mfi-app[1]/div[1]/app-mfi-member[1]/app-mfi-member-list[1]/div[2]/div[1]/app-data-table-workflow[1]/div[1]/div[3]/mat-table[1]/mat-row[1]/mat-cell[10]/button[3]/span[1]/img[1]]
Session ID: c266842a6348d4a5979814356cce63bc
at java.base/jdk.internal.reflect.DirectConstructorHandleAccessor.newInstance(DirectConstructorHandleAccessor.java:67)
at java.base/java.lang.reflect.Constructor.newInstanceWithCaller(Constructor.java:500)
at java.base/java.lang.reflect.Constructor.newInstance(Constructor.java:484)
at org.openqa.selenium.remote.codec.w3c.W3CHttpResponseCodec.createException(W3CHttpResponseCodec.java:200)
at org.openqa.selenium.remote.codec.w3c.W3CHttpResponseCodec.decode(W3CHttpResponseCodec.java:133)
at org.openqa.selenium.remote.codec.w3c.W3CHttpResponseCodec.decode(W3CHttpResponseCodec.java:53)
at org.openqa.selenium.remote.HttpCommandExecutor.execute(HttpCommandExecutor.java:193)
at org.openqa.selenium.remote.service.DriverCommandExecutor.invokeExecute(DriverCommandExecutor.java:183)
at org.openqa.selenium.remote.service.DriverCommandExecutor.execute(DriverCommandExecutor.java:158)
at org.openqa.selenium.remote.RemoteWebDriver.execute(RemoteWebDriver.java:543)
at org.openqa.selenium.remote.RemoteWebElement.execute(RemoteWebElement.java:257)
at org.openqa.selenium.remote.RemoteWebElement.click(RemoteWebElement.java:78)
at Member.Member_08_Member_View.member(Member_08_Member_View.java:16)
at java.base/jdk.internal.reflect.DirectMethodHandleAccessor.invoke(DirectMethodHandleAccessor.java:104)
at java.base/java.lang.reflect.Method.invoke(Method.java:578)
at org.testng.internal.invokers.MethodInvocationHelper.invokeMethod(MethodInvocationHelper.java:139)
at org.testng.internal.invokers.TestInvoker.invokeMethod(TestInvoker.java:677)
at org.testng.internal.invokers.TestInvoker.invokeTestMethod(TestInvoker.java:221)
at org.testng.internal.invokers.MethodRunner.runInSequence(MethodRunner.java:50)
at org.testng.internal.invokers.TestInvoker$MethodInvocationAgent.invoke(TestInvoker.java:969)
at org.testng.internal.invokers.TestInvoker.invokeTestMethods(TestInvoker.java:194)
at org.testng.internal.invokers.TestMethodWorker.invokeTestMethods(TestMethodWorker.java:148)
at org.testng.internal.invokers.TestMethodWorker.run(TestMethodWorker.java:128)
at java.base/java.util.ArrayList.forEach(ArrayList.java:1511)
at org.testng.TestRunner.privateRun(TestRunner.java:829)
at org.testng.TestRunner.run(TestRunner.java:602)
at org.testng.SuiteRunner.runTest(SuiteRunner.java:437)
at org.testng.SuiteRunner.runSequentially(SuiteRunner.java:431)
at org.testng.SuiteRunner.privateRun(SuiteRunner.java:391)
at org.testng.SuiteRunner.run(SuiteRunner.java:330)
at org.testng.SuiteRunnerWorker.runSuite(SuiteRunnerWorker.java:52)
at org.testng.SuiteRunnerWorker.run(SuiteRunnerWorker.java:95)
at org.testng.TestNG.runSuitesSequentially(TestNG.java:1256)
at org.testng.TestNG.runSuitesLocally(TestNG.java:1176)
at org.testng.TestNG.runSuites(TestNG.java:1099)
at org.testng.TestNG.run(TestNG.java:1067)
at org.testng.remote.AbstractRemoteTestNG.run(AbstractRemoteTestNG.java:115)
at org.testng.remote.RemoteTestNG.initAndRun(RemoteTestNG.java:251)
at org.testng.remote.RemoteTestNG.main(RemoteTestNG.java:77)
]]>
    </error>
  </testcase> <!-- member -->
  <system-out/>
</testsuite> <!-- Member.Member_08_Member_View -->
